TN:
SF:src/concurrent-task-runner.ts
FN:7,(anonymous_0)
FN:19,(anonymous_1)
FN:30,(anonymous_2)
FN:33,(anonymous_3)
FN:42,(anonymous_4)
FN:46,(anonymous_5)
FNF:6
FNH:6
FNDA:5,(anonymous_0)
FNDA:1,(anonymous_1)
FNDA:1,(anonymous_2)
FNDA:1,(anonymous_3)
FNDA:2,(anonymous_4)
FNDA:1,(anonymous_5)
DA:1,1
DA:3,1
DA:4,5
DA:8,5
DA:10,5
DA:11,5
DA:13,5
DA:20,1
DA:21,1
DA:22,1
DA:23,1
DA:26,2
DA:27,2
DA:30,1
DA:34,1
DA:35,1
DA:37,1
DA:38,3
DA:43,2
DA:47,1
DA:48,3
DA:51,1
LF:22
LH:22
BRDA:23,0,0,3
BRDA:23,0,1,3
BRF:2
BRH:2
end_of_record
TN:
SF:src/index.ts
FNF:0
FNH:0
LF:0
LH:0
BRF:0
BRH:0
end_of_record
